
*** Running vivado
    with args -log Top.vds -m64 -product Vivado -mode batch -messageDb vivado.pb -notrace -source Top.tcl


ECHO is off.
ECHO is off.

****** Vivado v2023.2 (64-bit)
  **** SW Build 4029153 on Fri Oct 13 20:14:34 MDT 2023
  **** IP Build 4028589 on Sat Oct 14 00:45:43 MDT 2023
  **** SharedData Build 4025554 on Tue Oct 10 17:18:54 MDT 2023
    ** Copyright 1986-2022 Xilinx, Inc. All Rights Reserved.
    ** Copyright 2022-2023 Advanced Micro Devices, Inc. All Rights Reserved.

source Top.tcl -notrace
Command: read_checkpoint -auto_incremental -incremental C:/Users/liams/Documents/GitHub/ECE3829-Lab3/ECE3829-Lab3.srcs/utils_1/imports/synth_1/Top.dcp
INFO: [Vivado 12-5825] Read reference checkpoint from C:/Users/liams/Documents/GitHub/ECE3829-Lab3/ECE3829-Lab3.srcs/utils_1/imports/synth_1/Top.dcp for incremental synthesis
INFO: [Vivado 12-7989] Please ensure there are no constraint changes
Command: synth_design -top Top -part xc7a35tcpg236-1
Starting synth_design
Attempting to get a license for feature 'Synthesis' and/or device 'xc7a35t'
INFO: [Common 17-349] Got license for feature 'Synthesis' and/or device 'xc7a35t'
INFO: [Device 21-403] Loading part xc7a35tcpg236-1
INFO: [Designutils 20-5440] No compile time benefit to using incremental synthesis; A full resynthesis will be run
INFO: [Designutils 20-4379] Flow is switching to default flow due to incremental criteria not met. If you would like to alter this behaviour and have the flow terminate instead, please set the following parameter config_implementation {autoIncr.Synth.RejectBehavior Terminate}
INFO: [Synth 8-7079] Multithreading enabled for synth_design using a maximum of 2 processes.
INFO: [Synth 8-7078] Launching helper process for spawning children vivado processes
INFO: [Synth 8-7075] Helper process launched with PID 11352
---------------------------------------------------------------------------------
Starting RTL Elaboration : Time (s): cpu = 00:00:03 ; elapsed = 00:00:04 . Memory (MB): peak = 1330.844 ; gain = 441.359
---------------------------------------------------------------------------------
INFO: [Synth 8-6157] synthesizing module 'Top' [C:/Users/liams/Documents/GitHub/ECE3829-Lab3/ECE3829-Lab3.srcs/sources_1/new/Top.sv:3]
INFO: [Synth 8-6157] synthesizing module 'clk_wiz_0' [C:/Users/liams/Documents/GitHub/ECE3829-Lab3/ECE3829-Lab3.runs/synth_1/.Xil/Vivado-16204-SNOW-XPS/realtime/clk_wiz_0_stub.v:6]
INFO: [Synth 8-6155] done synthesizing module 'clk_wiz_0' (0#1) [C:/Users/liams/Documents/GitHub/ECE3829-Lab3/ECE3829-Lab3.runs/synth_1/.Xil/Vivado-16204-SNOW-XPS/realtime/clk_wiz_0_stub.v:6]
INFO: [Synth 8-6157] synthesizing module 'LightSensor' [C:/Users/liams/Documents/GitHub/ECE3829-Lab3/ECE3829-Lab3.srcs/sources_1/new/LightSensor.sv:4]
	Parameter SAMPLE_RATE_HZ bound to: 22'b0000011000011010100000 
INFO: [Synth 8-6155] done synthesizing module 'LightSensor' (0#1) [C:/Users/liams/Documents/GitHub/ECE3829-Lab3/ECE3829-Lab3.srcs/sources_1/new/LightSensor.sv:4]
INFO: [Synth 8-6157] synthesizing module 'SevenSegmentDisplay' [C:/Users/liams/Documents/GitHub/ECE3829-Lab3/ECE3829-Lab3.srcs/sources_1/new/SevenSegmentDisplay.sv:3]
INFO: [Synth 8-226] default block is never used [C:/Users/liams/Documents/GitHub/ECE3829-Lab3/ECE3829-Lab3.srcs/sources_1/new/SevenSegmentDisplay.sv:34]
INFO: [Synth 8-6155] done synthesizing module 'SevenSegmentDisplay' (0#1) [C:/Users/liams/Documents/GitHub/ECE3829-Lab3/ECE3829-Lab3.srcs/sources_1/new/SevenSegmentDisplay.sv:3]
INFO: [Synth 8-6155] done synthesizing module 'Top' (0#1) [C:/Users/liams/Documents/GitHub/ECE3829-Lab3/ECE3829-Lab3.srcs/sources_1/new/Top.sv:3]
---------------------------------------------------------------------------------
Finished RTL Elaboration : Time (s): cpu = 00:00:05 ; elapsed = 00:00:05 . Memory (MB): peak = 1439.914 ; gain = 550.430
---------------------------------------------------------------------------------
---------------------------------------------------------------------------------
Start Handling Custom Attributes
---------------------------------------------------------------------------------
---------------------------------------------------------------------------------
Finished Handling Custom Attributes : Time (s): cpu = 00:00:05 ; elapsed = 00:00:06 . Memory (MB): peak = 1439.914 ; gain = 550.430
---------------------------------------------------------------------------------
---------------------------------------------------------------------------------
Finished RTL Optimization Phase 1 : Time (s): cpu = 00:00:05 ; elapsed = 00:00:06 . Memory (MB): peak = 1439.914 ; gain = 550.430
---------------------------------------------------------------------------------
Netlist sorting complete. Time (s): cpu = 00:00:00 ; elapsed = 00:00:00.002 . Memory (MB): peak = 1439.914 ; gain = 0.000
INFO: [Project 1-570] Preparing netlist for logic optimization

Processing XDC Constraints
Initializing timing engine
Parsing XDC File [c:/Users/liams/Documents/GitHub/ECE3829-Lab3/ECE3829-Lab3.gen/sources_1/ip/clk_wiz_0/clk_wiz_0/clk_wiz_0_in_context.xdc] for cell 'clk_wiz_0'
Finished Parsing XDC File [c:/Users/liams/Documents/GitHub/ECE3829-Lab3/ECE3829-Lab3.gen/sources_1/ip/clk_wiz_0/clk_wiz_0/clk_wiz_0_in_context.xdc] for cell 'clk_wiz_0'
Parsing XDC File [C:/Users/liams/Documents/GitHub/ECE3829-Lab3/ECE3829-Lab3.srcs/constrs_1/new/Basys.xdc]
WARNING: [Vivado 12-584] No ports matched 'switches[0]'. [C:/Users/liams/Documents/GitHub/ECE3829-Lab3/ECE3829-Lab3.srcs/constrs_1/new/Basys.xdc:12]
WARNING: [Vivado 12-584] No ports matched 'switches[1]'. [C:/Users/liams/Documents/GitHub/ECE3829-Lab3/ECE3829-Lab3.srcs/constrs_1/new/Basys.xdc:13]
WARNING: [Vivado 12-584] No ports matched 'switches[2]'. [C:/Users/liams/Documents/GitHub/ECE3829-Lab3/ECE3829-Lab3.srcs/constrs_1/new/Basys.xdc:14]
WARNING: [Vivado 12-584] No ports matched 'switches[3]'. [C:/Users/liams/Documents/GitHub/ECE3829-Lab3/ECE3829-Lab3.srcs/constrs_1/new/Basys.xdc:15]
WARNING: [Vivado 12-584] No ports matched 'switches[4]'. [C:/Users/liams/Documents/GitHub/ECE3829-Lab3/ECE3829-Lab3.srcs/constrs_1/new/Basys.xdc:16]
WARNING: [Vivado 12-584] No ports matched 'switches[5]'. [C:/Users/liams/Documents/GitHub/ECE3829-Lab3/ECE3829-Lab3.srcs/constrs_1/new/Basys.xdc:17]
WARNING: [Vivado 12-584] No ports matched 'switches[6]'. [C:/Users/liams/Documents/GitHub/ECE3829-Lab3/ECE3829-Lab3.srcs/constrs_1/new/Basys.xdc:18]
WARNING: [Vivado 12-584] No ports matched 'switches[7]'. [C:/Users/liams/Documents/GitHub/ECE3829-Lab3/ECE3829-Lab3.srcs/constrs_1/new/Basys.xdc:19]
WARNING: [Vivado 12-584] No ports matched 'switches[8]'. [C:/Users/liams/Documents/GitHub/ECE3829-Lab3/ECE3829-Lab3.srcs/constrs_1/new/Basys.xdc:20]
WARNING: [Vivado 12-584] No ports matched 'switches[9]'. [C:/Users/liams/Documents/GitHub/ECE3829-Lab3/ECE3829-Lab3.srcs/constrs_1/new/Basys.xdc:21]
WARNING: [Vivado 12-584] No ports matched 'switches[10]'. [C:/Users/liams/Documents/GitHub/ECE3829-Lab3/ECE3829-Lab3.srcs/constrs_1/new/Basys.xdc:22]
WARNING: [Vivado 12-584] No ports matched 'switches[11]'. [C:/Users/liams/Documents/GitHub/ECE3829-Lab3/ECE3829-Lab3.srcs/constrs_1/new/Basys.xdc:23]
WARNING: [Vivado 12-584] No ports matched 'switches[12]'. [C:/Users/liams/Documents/GitHub/ECE3829-Lab3/ECE3829-Lab3.srcs/constrs_1/new/Basys.xdc:24]
WARNING: [Vivado 12-584] No ports matched 'switches[13]'. [C:/Users/liams/Documents/GitHub/ECE3829-Lab3/ECE3829-Lab3.srcs/constrs_1/new/Basys.xdc:25]
WARNING: [Vivado 12-584] No ports matched 'switches[14]'. [C:/Users/liams/Documents/GitHub/ECE3829-Lab3/ECE3829-Lab3.srcs/constrs_1/new/Basys.xdc:26]
WARNING: [Vivado 12-584] No ports matched 'switches[15]'. [C:/Users/liams/Documents/GitHub/ECE3829-Lab3/ECE3829-Lab3.srcs/constrs_1/new/Basys.xdc:27]
WARNING: [Vivado 12-584] No ports matched 'leds[0]'. [C:/Users/liams/Documents/GitHub/ECE3829-Lab3/ECE3829-Lab3.srcs/constrs_1/new/Basys.xdc:31]
WARNING: [Vivado 12-584] No ports matched 'leds[1]'. [C:/Users/liams/Documents/GitHub/ECE3829-Lab3/ECE3829-Lab3.srcs/constrs_1/new/Basys.xdc:32]
WARNING: [Vivado 12-584] No ports matched 'leds[2]'. [C:/Users/liams/Documents/GitHub/ECE3829-Lab3/ECE3829-Lab3.srcs/constrs_1/new/Basys.xdc:33]
WARNING: [Vivado 12-584] No ports matched 'leds[3]'. [C:/Users/liams/Documents/GitHub/ECE3829-Lab3/ECE3829-Lab3.srcs/constrs_1/new/Basys.xdc:34]
WARNING: [Vivado 12-584] No ports matched 'leds[4]'. [C:/Users/liams/Documents/GitHub/ECE3829-Lab3/ECE3829-Lab3.srcs/constrs_1/new/Basys.xdc:35]
WARNING: [Vivado 12-584] No ports matched 'leds[5]'. [C:/Users/liams/Documents/GitHub/ECE3829-Lab3/ECE3829-Lab3.srcs/constrs_1/new/Basys.xdc:36]
WARNING: [Vivado 12-584] No ports matched 'leds[6]'. [C:/Users/liams/Documents/GitHub/ECE3829-Lab3/ECE3829-Lab3.srcs/constrs_1/new/Basys.xdc:37]
WARNING: [Vivado 12-584] No ports matched 'leds[7]'. [C:/Users/liams/Documents/GitHub/ECE3829-Lab3/ECE3829-Lab3.srcs/constrs_1/new/Basys.xdc:38]
WARNING: [Vivado 12-584] No ports matched 'leds[8]'. [C:/Users/liams/Documents/GitHub/ECE3829-Lab3/ECE3829-Lab3.srcs/constrs_1/new/Basys.xdc:39]
WARNING: [Vivado 12-584] No ports matched 'leds[9]'. [C:/Users/liams/Documents/GitHub/ECE3829-Lab3/ECE3829-Lab3.srcs/constrs_1/new/Basys.xdc:40]
WARNING: [Vivado 12-584] No ports matched 'leds[10]'. [C:/Users/liams/Documents/GitHub/ECE3829-Lab3/ECE3829-Lab3.srcs/constrs_1/new/Basys.xdc:41]
WARNING: [Vivado 12-584] No ports matched 'leds[11]'. [C:/Users/liams/Documents/GitHub/ECE3829-Lab3/ECE3829-Lab3.srcs/constrs_1/new/Basys.xdc:42]
WARNING: [Vivado 12-584] No ports matched 'leds[12]'. [C:/Users/liams/Documents/GitHub/ECE3829-Lab3/ECE3829-Lab3.srcs/constrs_1/new/Basys.xdc:43]
WARNING: [Vivado 12-584] No ports matched 'leds[13]'. [C:/Users/liams/Documents/GitHub/ECE3829-Lab3/ECE3829-Lab3.srcs/constrs_1/new/Basys.xdc:44]
WARNING: [Vivado 12-584] No ports matched 'leds[14]'. [C:/Users/liams/Documents/GitHub/ECE3829-Lab3/ECE3829-Lab3.srcs/constrs_1/new/Basys.xdc:45]
WARNING: [Vivado 12-584] No ports matched 'leds[15]'. [C:/Users/liams/Documents/GitHub/ECE3829-Lab3/ECE3829-Lab3.srcs/constrs_1/new/Basys.xdc:46]
WARNING: [Vivado 12-584] No ports matched 'buttonUp'. [C:/Users/liams/Documents/GitHub/ECE3829-Lab3/ECE3829-Lab3.srcs/constrs_1/new/Basys.xdc:68]
WARNING: [Vivado 12-584] No ports matched 'buttonLeft'. [C:/Users/liams/Documents/GitHub/ECE3829-Lab3/ECE3829-Lab3.srcs/constrs_1/new/Basys.xdc:69]
WARNING: [Vivado 12-584] No ports matched 'buttonRight'. [C:/Users/liams/Documents/GitHub/ECE3829-Lab3/ECE3829-Lab3.srcs/constrs_1/new/Basys.xdc:70]
WARNING: [Vivado 12-584] No ports matched 'buttonDown'. [C:/Users/liams/Documents/GitHub/ECE3829-Lab3/ECE3829-Lab3.srcs/constrs_1/new/Basys.xdc:71]
WARNING: [Vivado 12-584] No ports matched 'JA2'. [C:/Users/liams/Documents/GitHub/ECE3829-Lab3/ECE3829-Lab3.srcs/constrs_1/new/Basys.xdc:76]
WARNING: [Vivado 12-584] No ports matched 'JA5'. [C:/Users/liams/Documents/GitHub/ECE3829-Lab3/ECE3829-Lab3.srcs/constrs_1/new/Basys.xdc:79]
WARNING: [Vivado 12-584] No ports matched 'JA6'. [C:/Users/liams/Documents/GitHub/ECE3829-Lab3/ECE3829-Lab3.srcs/constrs_1/new/Basys.xdc:80]
WARNING: [Vivado 12-584] No ports matched 'JA7'. [C:/Users/liams/Documents/GitHub/ECE3829-Lab3/ECE3829-Lab3.srcs/constrs_1/new/Basys.xdc:81]
WARNING: [Vivado 12-584] No ports matched 'JA8'. [C:/Users/liams/Documents/GitHub/ECE3829-Lab3/ECE3829-Lab3.srcs/constrs_1/new/Basys.xdc:82]
WARNING: [Vivado 12-584] No ports matched 'vgaColor[11]'. [C:/Users/liams/Documents/GitHub/ECE3829-Lab3/ECE3829-Lab3.srcs/constrs_1/new/Basys.xdc:116]
WARNING: [Vivado 12-584] No ports matched 'vgaColor[10]'. [C:/Users/liams/Documents/GitHub/ECE3829-Lab3/ECE3829-Lab3.srcs/constrs_1/new/Basys.xdc:117]
WARNING: [Vivado 12-584] No ports matched 'vgaColor[9]'. [C:/Users/liams/Documents/GitHub/ECE3829-Lab3/ECE3829-Lab3.srcs/constrs_1/new/Basys.xdc:118]
WARNING: [Vivado 12-584] No ports matched 'vgaColor[8]'. [C:/Users/liams/Documents/GitHub/ECE3829-Lab3/ECE3829-Lab3.srcs/constrs_1/new/Basys.xdc:119]
WARNING: [Vivado 12-584] No ports matched 'vgaColor[7]'. [C:/Users/liams/Documents/GitHub/ECE3829-Lab3/ECE3829-Lab3.srcs/constrs_1/new/Basys.xdc:120]
WARNING: [Vivado 12-584] No ports matched 'vgaColor[6]'. [C:/Users/liams/Documents/GitHub/ECE3829-Lab3/ECE3829-Lab3.srcs/constrs_1/new/Basys.xdc:121]
WARNING: [Vivado 12-584] No ports matched 'vgaColor[5]'. [C:/Users/liams/Documents/GitHub/ECE3829-Lab3/ECE3829-Lab3.srcs/constrs_1/new/Basys.xdc:122]
WARNING: [Vivado 12-584] No ports matched 'vgaColor[4]'. [C:/Users/liams/Documents/GitHub/ECE3829-Lab3/ECE3829-Lab3.srcs/constrs_1/new/Basys.xdc:123]
WARNING: [Vivado 12-584] No ports matched 'vgaColor[3]'. [C:/Users/liams/Documents/GitHub/ECE3829-Lab3/ECE3829-Lab3.srcs/constrs_1/new/Basys.xdc:124]
WARNING: [Vivado 12-584] No ports matched 'vgaColor[2]'. [C:/Users/liams/Documents/GitHub/ECE3829-Lab3/ECE3829-Lab3.srcs/constrs_1/new/Basys.xdc:125]
WARNING: [Vivado 12-584] No ports matched 'vgaColor[1]'. [C:/Users/liams/Documents/GitHub/ECE3829-Lab3/ECE3829-Lab3.srcs/constrs_1/new/Basys.xdc:126]
WARNING: [Vivado 12-584] No ports matched 'vgaColor[0]'. [C:/Users/liams/Documents/GitHub/ECE3829-Lab3/ECE3829-Lab3.srcs/constrs_1/new/Basys.xdc:127]
WARNING: [Vivado 12-584] No ports matched 'vgaHsync'. [C:/Users/liams/Documents/GitHub/ECE3829-Lab3/ECE3829-Lab3.srcs/constrs_1/new/Basys.xdc:128]
WARNING: [Vivado 12-584] No ports matched 'vgaVsync'. [C:/Users/liams/Documents/GitHub/ECE3829-Lab3/ECE3829-Lab3.srcs/constrs_1/new/Basys.xdc:129]
Finished Parsing XDC File [C:/Users/liams/Documents/GitHub/ECE3829-Lab3/ECE3829-Lab3.srcs/constrs_1/new/Basys.xdc]
WARNING: [Project 1-498] One or more constraints failed evaluation while reading constraint file [C:/Users/liams/Documents/GitHub/ECE3829-Lab3/ECE3829-Lab3.srcs/constrs_1/new/Basys.xdc] and the design contains unresolved black boxes. These constraints will be read post-synthesis (as long as their source constraint file is marked as used_in_implementation) and should be applied correctly then. You should review the constraints listed in the file [.Xil/Top_propImpl.xdc] and check the run log file to verify that these constraints were correctly applied.
INFO: [Project 1-236] Implementation specific constraints were found while reading constraint file [C:/Users/liams/Documents/GitHub/ECE3829-Lab3/ECE3829-Lab3.srcs/constrs_1/new/Basys.xdc]. These constraints will be ignored for synthesis but will be used in implementation. Impacted constraints are listed in the file [.Xil/Top_propImpl.xdc].
Resolution: To avoid this warning, move constraints listed in [.Xil/Top_propImpl.xdc] to another XDC file and exclude this new file from synthesis with the used_in_synthesis property (File Properties dialog in GUI) and re-run elaboration/synthesis.
Parsing XDC File [C:/Users/liams/Documents/GitHub/ECE3829-Lab3/ECE3829-Lab3.runs/synth_1/dont_touch.xdc]
Finished Parsing XDC File [C:/Users/liams/Documents/GitHub/ECE3829-Lab3/ECE3829-Lab3.runs/synth_1/dont_touch.xdc]
Completed Processing XDC Constraints

Netlist sorting complete. Time (s): cpu = 00:00:00 ; elapsed = 00:00:00 . Memory (MB): peak = 1478.648 ; gain = 0.000
INFO: [Project 1-111] Unisim Transformation Summary:
No Unisim elements were transformed.

The system cannot find the path specified.
Constraint Validation Runtime : Time (s): cpu = 00:00:00 ; elapsed = 00:00:00.002 . Memory (MB): peak = 1478.648 ; gain = 0.000
INFO: [Designutils 20-5440] No compile time benefit to using incremental synthesis; A full resynthesis will be run
INFO: [Designutils 20-4379] Flow is switching to default flow due to incremental criteria not met. If you would like to alter this behaviour and have the flow terminate instead, please set the following parameter config_implementation {autoIncr.Synth.RejectBehavior Terminate}
---------------------------------------------------------------------------------
Finished Constraint Validation : Time (s): cpu = 00:00:10 ; elapsed = 00:00:11 . Memory (MB): peak = 1478.648 ; gain = 589.164
---------------------------------------------------------------------------------
---------------------------------------------------------------------------------
Start Loading Part and Timing Information
---------------------------------------------------------------------------------
Loading part: xc7a35tcpg236-1
---------------------------------------------------------------------------------
Finished Loading Part and Timing Information : Time (s): cpu = 00:00:10 ; elapsed = 00:00:12 . Memory (MB): peak = 1478.648 ; gain = 589.164
---------------------------------------------------------------------------------
---------------------------------------------------------------------------------
Start Applying 'set_property' XDC Constraints
---------------------------------------------------------------------------------
Applied set_property IO_BUFFER_TYPE = NONE for CLK100. (constraint file  c:/Users/liams/Documents/GitHub/ECE3829-Lab3/ECE3829-Lab3.gen/sources_1/ip/clk_wiz_0/clk_wiz_0/clk_wiz_0_in_context.xdc, line 3).
Applied set_property CLOCK_BUFFER_TYPE = NONE for CLK100. (constraint file  c:/Users/liams/Documents/GitHub/ECE3829-Lab3/ECE3829-Lab3.gen/sources_1/ip/clk_wiz_0/clk_wiz_0/clk_wiz_0_in_context.xdc, line 4).
Applied set_property KEEP_HIERARCHY = SOFT for clk_wiz_0. (constraint file  auto generated constraint).
---------------------------------------------------------------------------------
Finished applying 'set_property' XDC Constraints : Time (s): cpu = 00:00:10 ; elapsed = 00:00:12 . Memory (MB): peak = 1478.648 ; gain = 589.164
---------------------------------------------------------------------------------
---------------------------------------------------------------------------------
Finished RTL Optimization Phase 2 : Time (s): cpu = 00:00:10 ; elapsed = 00:00:12 . Memory (MB): peak = 1478.648 ; gain = 589.164
---------------------------------------------------------------------------------
---------------------------------------------------------------------------------
Start RTL Component Statistics 
---------------------------------------------------------------------------------
Detailed RTL Component Info : 
+---Adders : 
	   2 Input   32 Bit       Adders := 1     
	   2 Input    5 Bit       Adders := 1     
	   2 Input    2 Bit       Adders := 2     
+---Registers : 
	                8 Bit    Registers := 2     
	                2 Bit    Registers := 2     
	                1 Bit    Registers := 2     
+---Muxes : 
	   2 Input    8 Bit        Muxes := 2     
	   4 Input    4 Bit        Muxes := 1     
	   2 Input    4 Bit        Muxes := 1     
	   3 Input    2 Bit        Muxes := 1     
	   2 Input    1 Bit        Muxes := 4     
---------------------------------------------------------------------------------
Finished RTL Component Statistics 
---------------------------------------------------------------------------------
---------------------------------------------------------------------------------
Start Part Resource Summary
---------------------------------------------------------------------------------
Part Resources:
DSPs: 90 (col length:60)
BRAMs: 100 (col length: RAMB18 60 RAMB36 30)
---------------------------------------------------------------------------------
Finished Part Resource Summary
---------------------------------------------------------------------------------
---------------------------------------------------------------------------------
Start Cross Boundary and Area Optimization
---------------------------------------------------------------------------------
WARNING: [Synth 8-7080] Parallel synthesis criteria is not met
WARNING: [Synth 8-3917] design Top has port sevenSegmentDecimal driven by constant 0
CRITICAL WARNING: [Synth 8-6859] multi-driven net on pin Q with 1st driver pin 'LightSensor/read_seq_ptr_reg[4]__0/Q' [C:/Users/liams/Documents/GitHub/ECE3829-Lab3/ECE3829-Lab3.srcs/sources_1/new/LightSensor.sv:27]
CRITICAL WARNING: [Synth 8-6859] multi-driven net on pin Q with 2nd driver pin 'GND' [C:/Users/liams/Documents/GitHub/ECE3829-Lab3/ECE3829-Lab3.srcs/sources_1/new/LightSensor.sv:27]
CRITICAL WARNING: [Synth 8-6858] multi-driven net Q is connected to at least one constant driver which has been preserved, other driver is ignored [C:/Users/liams/Documents/GitHub/ECE3829-Lab3/ECE3829-Lab3.srcs/sources_1/new/LightSensor.sv:27]
CRITICAL WARNING: [Synth 8-6859] multi-driven net on pin Q with 1st driver pin 'LightSensor/read_seq_ptr_reg[3]__0/Q' [C:/Users/liams/Documents/GitHub/ECE3829-Lab3/ECE3829-Lab3.srcs/sources_1/new/LightSensor.sv:27]
CRITICAL WARNING: [Synth 8-6859] multi-driven net on pin Q with 2nd driver pin 'GND' [C:/Users/liams/Documents/GitHub/ECE3829-Lab3/ECE3829-Lab3.srcs/sources_1/new/LightSensor.sv:27]
CRITICAL WARNING: [Synth 8-6858] multi-driven net Q is connected to at least one constant driver which has been preserved, other driver is ignored [C:/Users/liams/Documents/GitHub/ECE3829-Lab3/ECE3829-Lab3.srcs/sources_1/new/LightSensor.sv:27]
CRITICAL WARNING: [Synth 8-6859] multi-driven net on pin Q with 1st driver pin 'LightSensor/read_seq_ptr_reg[2]__0/Q' [C:/Users/liams/Documents/GitHub/ECE3829-Lab3/ECE3829-Lab3.srcs/sources_1/new/LightSensor.sv:27]
CRITICAL WARNING: [Synth 8-6859] multi-driven net on pin Q with 2nd driver pin 'GND' [C:/Users/liams/Documents/GitHub/ECE3829-Lab3/ECE3829-Lab3.srcs/sources_1/new/LightSensor.sv:27]
CRITICAL WARNING: [Synth 8-6858] multi-driven net Q is connected to at least one constant driver which has been preserved, other driver is ignored [C:/Users/liams/Documents/GitHub/ECE3829-Lab3/ECE3829-Lab3.srcs/sources_1/new/LightSensor.sv:27]
CRITICAL WARNING: [Synth 8-6859] multi-driven net on pin Q with 1st driver pin 'LightSensor/read_seq_ptr_reg[1]__0/Q' [C:/Users/liams/Documents/GitHub/ECE3829-Lab3/ECE3829-Lab3.srcs/sources_1/new/LightSensor.sv:27]
CRITICAL WARNING: [Synth 8-6859] multi-driven net on pin Q with 2nd driver pin 'GND' [C:/Users/liams/Documents/GitHub/ECE3829-Lab3/ECE3829-Lab3.srcs/sources_1/new/LightSensor.sv:27]
CRITICAL WARNING: [Synth 8-6858] multi-driven net Q is connected to at least one constant driver which has been preserved, other driver is ignored [C:/Users/liams/Documents/GitHub/ECE3829-Lab3/ECE3829-Lab3.srcs/sources_1/new/LightSensor.sv:27]
CRITICAL WARNING: [Synth 8-6859] multi-driven net on pin Q with 1st driver pin 'LightSensor/read_seq_ptr_reg[0]__0/Q' [C:/Users/liams/Documents/GitHub/ECE3829-Lab3/ECE3829-Lab3.srcs/sources_1/new/LightSensor.sv:27]
CRITICAL WARNING: [Synth 8-6859] multi-driven net on pin Q with 2nd driver pin 'GND' [C:/Users/liams/Documents/GitHub/ECE3829-Lab3/ECE3829-Lab3.srcs/sources_1/new/LightSensor.sv:27]
CRITICAL WARNING: [Synth 8-6858] multi-driven net Q is connected to at least one constant driver which has been preserved, other driver is ignored [C:/Users/liams/Documents/GitHub/ECE3829-Lab3/ECE3829-Lab3.srcs/sources_1/new/LightSensor.sv:27]
---------------------------------------------------------------------------------
Finished Cross Boundary and Area Optimization : Time (s): cpu = 00:00:12 ; elapsed = 00:00:13 . Memory (MB): peak = 1478.648 ; gain = 589.164
---------------------------------------------------------------------------------
---------------------------------------------------------------------------------
Start Applying XDC Timing Constraints
---------------------------------------------------------------------------------
---------------------------------------------------------------------------------
Finished Applying XDC Timing Constraints : Time (s): cpu = 00:00:16 ; elapsed = 00:00:17 . Memory (MB): peak = 1478.648 ; gain = 589.164
---------------------------------------------------------------------------------
---------------------------------------------------------------------------------
Start Timing Optimization
---------------------------------------------------------------------------------
---------------------------------------------------------------------------------
Finished Timing Optimization : Time (s): cpu = 00:00:16 ; elapsed = 00:00:17 . Memory (MB): peak = 1478.648 ; gain = 589.164
---------------------------------------------------------------------------------
---------------------------------------------------------------------------------
Start Technology Mapping
---------------------------------------------------------------------------------
---------------------------------------------------------------------------------
Finished Technology Mapping : Time (s): cpu = 00:00:16 ; elapsed = 00:00:17 . Memory (MB): peak = 1478.648 ; gain = 589.164
---------------------------------------------------------------------------------
---------------------------------------------------------------------------------
Start IO Insertion
---------------------------------------------------------------------------------
---------------------------------------------------------------------------------
Start Flattening Before IO Insertion
---------------------------------------------------------------------------------
---------------------------------------------------------------------------------
Finished Flattening Before IO Insertion
---------------------------------------------------------------------------------
---------------------------------------------------------------------------------
Start Final Netlist Cleanup
---------------------------------------------------------------------------------
---------------------------------------------------------------------------------
Finished Final Netlist Cleanup
---------------------------------------------------------------------------------
---------------------------------------------------------------------------------
Finished IO Insertion : Time (s): cpu = 00:00:19 ; elapsed = 00:00:21 . Memory (MB): peak = 1478.648 ; gain = 589.164
---------------------------------------------------------------------------------
---------------------------------------------------------------------------------
Start Renaming Generated Instances
---------------------------------------------------------------------------------
---------------------------------------------------------------------------------
Finished Renaming Generated Instances : Time (s): cpu = 00:00:19 ; elapsed = 00:00:21 . Memory (MB): peak = 1478.648 ; gain = 589.164
---------------------------------------------------------------------------------
---------------------------------------------------------------------------------
Start Rebuilding User Hierarchy
---------------------------------------------------------------------------------
---------------------------------------------------------------------------------
Finished Rebuilding User Hierarchy : Time (s): cpu = 00:00:19 ; elapsed = 00:00:21 . Memory (MB): peak = 1478.648 ; gain = 589.164
---------------------------------------------------------------------------------
---------------------------------------------------------------------------------
Start Renaming Generated Ports
---------------------------------------------------------------------------------
---------------------------------------------------------------------------------
Finished Renaming Generated Ports : Time (s): cpu = 00:00:19 ; elapsed = 00:00:21 . Memory (MB): peak = 1478.648 ; gain = 589.164
---------------------------------------------------------------------------------
---------------------------------------------------------------------------------
Start Handling Custom Attributes
---------------------------------------------------------------------------------
---------------------------------------------------------------------------------
Finished Handling Custom Attributes : Time (s): cpu = 00:00:19 ; elapsed = 00:00:21 . Memory (MB): peak = 1478.648 ; gain = 589.164
---------------------------------------------------------------------------------
---------------------------------------------------------------------------------
Start Renaming Generated Nets
---------------------------------------------------------------------------------
---------------------------------------------------------------------------------
Finished Renaming Generated Nets : Time (s): cpu = 00:00:19 ; elapsed = 00:00:21 . Memory (MB): peak = 1478.648 ; gain = 589.164
---------------------------------------------------------------------------------
---------------------------------------------------------------------------------
Start Writing Synthesis Report
---------------------------------------------------------------------------------

Report BlackBoxes: 
+------+--------------+----------+
|      |BlackBox name |Instances |
+------+--------------+----------+
|1     |clk_wiz_0     |         1|
+------+--------------+----------+

Report Cell Usage: 
+------+--------+------+
|      |Cell    |Count |
+------+--------+------+
|1     |clk_wiz |     1|
|2     |CARRY4  |     6|
|3     |LUT1    |     4|
|4     |LUT2    |    22|
|5     |LUT3    |     6|
|6     |LUT6    |     2|
|7     |FDRE    |    27|
|8     |IBUF    |     1|
|9     |OBUF    |    14|
+------+--------+------+
---------------------------------------------------------------------------------
Finished Writing Synthesis Report : Time (s): cpu = 00:00:19 ; elapsed = 00:00:21 . Memory (MB): peak = 1478.648 ; gain = 589.164
---------------------------------------------------------------------------------
Synthesis finished with 0 errors, 15 critical warnings and 2 warnings.
Synthesis Optimization Runtime : Time (s): cpu = 00:00:13 ; elapsed = 00:00:19 . Memory (MB): peak = 1478.648 ; gain = 550.430
Synthesis Optimization Complete : Time (s): cpu = 00:00:19 ; elapsed = 00:00:21 . Memory (MB): peak = 1478.648 ; gain = 589.164
INFO: [Project 1-571] Translating synthesized netlist
Netlist sorting complete. Time (s): cpu = 00:00:00 ; elapsed = 00:00:00.001 . Memory (MB): peak = 1478.648 ; gain = 0.000
INFO: [Netlist 29-17] Analyzing 6 Unisim elements for replacement
INFO: [Netlist 29-28] Unisim Transformation completed in 0 CPU seconds
INFO: [Project 1-570] Preparing netlist for logic optimization
INFO: [Opt 31-138] Pushed 0 inverter(s) to 0 load pin(s).
Netlist sorting complete. Time (s): cpu = 00:00:00 ; elapsed = 00:00:00 . Memory (MB): peak = 1478.648 ; gain = 0.000
INFO: [Project 1-111] Unisim Transformation Summary:
No Unisim elements were transformed.

The system cannot find the path specified.
Synth Design complete | Checksum: 6491fdb8
INFO: [Common 17-83] Releasing license: Synthesis
30 Infos, 58 Warnings, 15 Critical Warnings and 0 Errors encountered.
synth_design completed successfully
synth_design: Time (s): cpu = 00:00:22 ; elapsed = 00:00:24 . Memory (MB): peak = 1478.648 ; gain = 981.652
INFO: [runtcl-6] Synthesis results are not added to the cache due to CRITICAL_WARNING
Write ShapeDB Complete: Time (s): cpu = 00:00:00 ; elapsed = 00:00:00.001 . Memory (MB): peak = 1478.648 ; gain = 0.000
INFO: [Common 17-1381] The checkpoint 'C:/Users/liams/Documents/GitHub/ECE3829-Lab3/ECE3829-Lab3.runs/synth_1/Top.dcp' has been generated.
INFO: [runtcl-4] Executing : report_utilization -file Top_utilization_synth.rpt -pb Top_utilization_synth.pb
INFO: [Common 17-206] Exiting Vivado at Thu Feb 15 17:47:55 2024...
